<?xml version="1.0" encoding="UTF-8"?>
<!-- Generated by org.testng.reporters.JUnitXMLReporter -->
<testsuite hostname="DESKTOP-GJ80SN7" failures="10" tests="10" name="Default test" time="37.657" errors="0" timestamp="22 Nov 2021 04:06:20 GMT">
  <testcase classname="com.mindtree.com.runner.Runner" name="runScenario" time="4.834">
    <failure type="org.openqa.selenium.SessionNotCreatedException" message="session not created: This version of ChromeDriver only supports Chrome version 94
Current browser version is 96.0.4664.45 with binary path C:\Program Files\Google\Chrome\Application\chrome.exe
Build info: version: &amp;apos;3.4.0&amp;apos;, revision: &amp;apos;unknown&amp;apos;, time: &amp;apos;unknown&amp;apos;
System info: host: &amp;apos;DESKTOP-GJ80SN7&amp;apos;, ip: &amp;apos;192.168.0.239&amp;apos;, os.name: &amp;apos;Windows 10&amp;apos;, os.arch: &amp;apos;amd64&amp;apos;, os.version: &amp;apos;10.0&amp;apos;, java.version: &amp;apos;16.0.2&amp;apos;
Driver info: driver.version: ChromeDriver
remote stacktrace: Backtrace:
	Ordinal0 [0x0108BDE3+2473443]
	Ordinal0 [0x01026661+2057825]
	Ordinal0 [0x00F32438+1057848]
	Ordinal0 [0x00F5054A+1181002]
	Ordinal0 [0x00F4C435+1164341]
	Ordinal0 [0x00F49CAF+1154223]
	Ordinal0 [0x00F79ADF+1350367]
	Ordinal0 [0x00F7974A+1349450]
	Ordinal0 [0x00F755AB+1332651]
	Ordinal0 [0x00F52104+1188100]
	Ordinal0 [0x00F52F59+1191769]
	GetHandleVerifier [0x01212266+1549718]
	GetHandleVerifier [0x012BD4A7+2250711]
	GetHandleVerifier [0x0111718B+521403]
	GetHandleVerifier [0x01116229+517465]
	Ordinal0 [0x0102B79D+2078621]
	Ordinal0 [0x0102FB58+2095960]
	Ordinal0 [0x0102FC92+2096274]
	Ordinal0 [0x01039541+2135361]
	BaseThreadInitThunk [0x76C9FA29+25]
	RtlGetAppContainerNamedObjectPath [0x770A7A9E+286]
	RtlGetAppContainerNamedObjectPath [0x770A7A6E+238]
">
      <![CDATA[org.openqa.selenium.SessionNotCreatedException: session not created: This version of ChromeDriver only supports Chrome version 94
Current browser version is 96.0.4664.45 with binary path C:\Program Files\Google\Chrome\Application\chrome.exe
Build info: version: '3.4.0', revision: 'unknown', time: 'unknown'
System info: host: 'DESKTOP-GJ80SN7', ip: '192.168.0.239', os.name: 'Windows 10', os.arch: 'amd64', os.version: '10.0', java.version: '16.0.2'
Driver info: driver.version: ChromeDriver
remote stacktrace: Backtrace:
	Ordinal0 [0x0108BDE3+2473443]
	Ordinal0 [0x01026661+2057825]
	Ordinal0 [0x00F32438+1057848]
	Ordinal0 [0x00F5054A+1181002]
	Ordinal0 [0x00F4C435+1164341]
	Ordinal0 [0x00F49CAF+1154223]
	Ordinal0 [0x00F79ADF+1350367]
	Ordinal0 [0x00F7974A+1349450]
	Ordinal0 [0x00F755AB+1332651]
	Ordinal0 [0x00F52104+1188100]
	Ordinal0 [0x00F52F59+1191769]
	GetHandleVerifier [0x01212266+1549718]
	GetHandleVerifier [0x012BD4A7+2250711]
	GetHandleVerifier [0x0111718B+521403]
	GetHandleVerifier [0x01116229+517465]
	Ordinal0 [0x0102B79D+2078621]
	Ordinal0 [0x0102FB58+2095960]
	Ordinal0 [0x0102FC92+2096274]
	Ordinal0 [0x01039541+2135361]
	BaseThreadInitThunk [0x76C9FA29+25]
	RtlGetAppContainerNamedObjectPath [0x770A7A9E+286]
	RtlGetAppContainerNamedObjectPath [0x770A7A6E+238]

	at java.base/jdk.internal.reflect.NativeConstructorAccessorImpl.newInstance0(Native Method)
	at java.base/jdk.internal.reflect.NativeConstructorAccessorImpl.newInstance(NativeConstructorAccessorImpl.java:78)
	at java.base/jdk.internal.reflect.DelegatingConstructorAccessorImpl.newInstance(DelegatingConstructorAccessorImpl.java:45)
	at java.base/java.lang.reflect.Constructor.newInstanceWithCaller(Constructor.java:499)
	at java.base/java.lang.reflect.Constructor.newInstance(Constructor.java:480)
	at org.openqa.selenium.remote.W3CHandshakeResponse.lambda$new$0(W3CHandshakeResponse.java:57)
	at org.openqa.selenium.remote.W3CHandshakeResponse.lambda$getResponseFunction$2(W3CHandshakeResponse.java:104)
	at org.openqa.selenium.remote.ProtocolHandshake.lambda$createSession$22(ProtocolHandshake.java:365)
	at java.base/java.util.stream.ReferencePipeline$3$1.accept(ReferencePipeline.java:197)
	at java.base/java.util.Spliterators$ArraySpliterator.tryAdvance(Spliterators.java:958)
	at java.base/java.util.stream.ReferencePipeline.forEachWithCancel(ReferencePipeline.java:129)
	at java.base/java.util.stream.AbstractPipeline.copyIntoWithCancel(AbstractPipeline.java:502)
	at java.base/java.util.stream.AbstractPipeline.copyInto(AbstractPipeline.java:488)
	at java.base/java.util.stream.AbstractPipeline.wrapAndCopyInto(AbstractPipeline.java:474)
	at java.base/java.util.stream.FindOps$FindOp.evaluateSequential(FindOps.java:150)
	at java.base/java.util.stream.AbstractPipeline.evaluate(AbstractPipeline.java:234)
	at java.base/java.util.stream.ReferencePipeline.findFirst(ReferencePipeline.java:647)
	at org.openqa.selenium.remote.ProtocolHandshake.createSession(ProtocolHandshake.java:368)
	at org.openqa.selenium.remote.ProtocolHandshake.createSession(ProtocolHandshake.java:159)
	at org.openqa.selenium.remote.HttpCommandExecutor.execute(HttpCommandExecutor.java:142)
	at org.openqa.selenium.remote.service.DriverCommandExecutor.execute(DriverCommandExecutor.java:82)
	at org.openqa.selenium.remote.RemoteWebDriver.execute(RemoteWebDriver.java:637)
	at org.openqa.selenium.remote.RemoteWebDriver.startSession(RemoteWebDriver.java:250)
	at org.openqa.selenium.remote.RemoteWebDriver.startSession(RemoteWebDriver.java:236)
	at org.openqa.selenium.remote.RemoteWebDriver.<init>(RemoteWebDriver.java:137)
	at org.openqa.selenium.chrome.ChromeDriver.<init>(ChromeDriver.java:184)
	at org.openqa.selenium.chrome.ChromeDriver.<init>(ChromeDriver.java:171)
	at org.openqa.selenium.chrome.ChromeDriver.<init>(ChromeDriver.java:124)
	at com.mindtree.com.utilities.ReadConfig.initializeDriver(ReadConfig.java:31)
	at com.mindtree.com.stepdefinition.WishListStepDefinition.lands_on_home_page(WishListStepDefinition.java:28)
	at ✽.lands on home page(file:///E:/EndToEndFramework/BDDFramework/src/test/java/com/mindtree/com/features/Adding3Items.feature:3)
]]>
    </failure>
  </testcase> <!-- runScenario -->
  <testcase classname="com.mindtree.com.runner.Runner" name="runScenario" time="2.698">
    <failure type="org.openqa.selenium.SessionNotCreatedException" message="session not created: This version of ChromeDriver only supports Chrome version 94
Current browser version is 96.0.4664.45 with binary path C:\Program Files\Google\Chrome\Application\chrome.exe
Build info: version: &amp;apos;3.4.0&amp;apos;, revision: &amp;apos;unknown&amp;apos;, time: &amp;apos;unknown&amp;apos;
System info: host: &amp;apos;DESKTOP-GJ80SN7&amp;apos;, ip: &amp;apos;192.168.0.239&amp;apos;, os.name: &amp;apos;Windows 10&amp;apos;, os.arch: &amp;apos;amd64&amp;apos;, os.version: &amp;apos;10.0&amp;apos;, java.version: &amp;apos;16.0.2&amp;apos;
Driver info: driver.version: ChromeDriver
remote stacktrace: Backtrace:
	Ordinal0 [0x0108BDE3+2473443]
	Ordinal0 [0x01026661+2057825]
	Ordinal0 [0x00F32438+1057848]
	Ordinal0 [0x00F5054A+1181002]
	Ordinal0 [0x00F4C435+1164341]
	Ordinal0 [0x00F49CAF+1154223]
	Ordinal0 [0x00F79ADF+1350367]
	Ordinal0 [0x00F7974A+1349450]
	Ordinal0 [0x00F755AB+1332651]
	Ordinal0 [0x00F52104+1188100]
	Ordinal0 [0x00F52F59+1191769]
	GetHandleVerifier [0x01212266+1549718]
	GetHandleVerifier [0x012BD4A7+2250711]
	GetHandleVerifier [0x0111718B+521403]
	GetHandleVerifier [0x01116229+517465]
	Ordinal0 [0x0102B79D+2078621]
	Ordinal0 [0x0102FB58+2095960]
	Ordinal0 [0x0102FC92+2096274]
	Ordinal0 [0x01039541+2135361]
	BaseThreadInitThunk [0x76C9FA29+25]
	RtlGetAppContainerNamedObjectPath [0x770A7A9E+286]
	RtlGetAppContainerNamedObjectPath [0x770A7A6E+238]
">
      <![CDATA[org.openqa.selenium.SessionNotCreatedException: session not created: This version of ChromeDriver only supports Chrome version 94
Current browser version is 96.0.4664.45 with binary path C:\Program Files\Google\Chrome\Application\chrome.exe
Build info: version: '3.4.0', revision: 'unknown', time: 'unknown'
System info: host: 'DESKTOP-GJ80SN7', ip: '192.168.0.239', os.name: 'Windows 10', os.arch: 'amd64', os.version: '10.0', java.version: '16.0.2'
Driver info: driver.version: ChromeDriver
remote stacktrace: Backtrace:
	Ordinal0 [0x0108BDE3+2473443]
	Ordinal0 [0x01026661+2057825]
	Ordinal0 [0x00F32438+1057848]
	Ordinal0 [0x00F5054A+1181002]
	Ordinal0 [0x00F4C435+1164341]
	Ordinal0 [0x00F49CAF+1154223]
	Ordinal0 [0x00F79ADF+1350367]
	Ordinal0 [0x00F7974A+1349450]
	Ordinal0 [0x00F755AB+1332651]
	Ordinal0 [0x00F52104+1188100]
	Ordinal0 [0x00F52F59+1191769]
	GetHandleVerifier [0x01212266+1549718]
	GetHandleVerifier [0x012BD4A7+2250711]
	GetHandleVerifier [0x0111718B+521403]
	GetHandleVerifier [0x01116229+517465]
	Ordinal0 [0x0102B79D+2078621]
	Ordinal0 [0x0102FB58+2095960]
	Ordinal0 [0x0102FC92+2096274]
	Ordinal0 [0x01039541+2135361]
	BaseThreadInitThunk [0x76C9FA29+25]
	RtlGetAppContainerNamedObjectPath [0x770A7A9E+286]
	RtlGetAppContainerNamedObjectPath [0x770A7A6E+238]

	at java.base/jdk.internal.reflect.NativeConstructorAccessorImpl.newInstance0(Native Method)
	at java.base/jdk.internal.reflect.NativeConstructorAccessorImpl.newInstance(NativeConstructorAccessorImpl.java:78)
	at java.base/jdk.internal.reflect.DelegatingConstructorAccessorImpl.newInstance(DelegatingConstructorAccessorImpl.java:45)
	at java.base/java.lang.reflect.Constructor.newInstanceWithCaller(Constructor.java:499)
	at java.base/java.lang.reflect.Constructor.newInstance(Constructor.java:480)
	at org.openqa.selenium.remote.W3CHandshakeResponse.lambda$new$0(W3CHandshakeResponse.java:57)
	at org.openqa.selenium.remote.W3CHandshakeResponse.lambda$getResponseFunction$2(W3CHandshakeResponse.java:104)
	at org.openqa.selenium.remote.ProtocolHandshake.lambda$createSession$22(ProtocolHandshake.java:365)
	at java.base/java.util.stream.ReferencePipeline$3$1.accept(ReferencePipeline.java:197)
	at java.base/java.util.Spliterators$ArraySpliterator.tryAdvance(Spliterators.java:958)
	at java.base/java.util.stream.ReferencePipeline.forEachWithCancel(ReferencePipeline.java:129)
	at java.base/java.util.stream.AbstractPipeline.copyIntoWithCancel(AbstractPipeline.java:502)
	at java.base/java.util.stream.AbstractPipeline.copyInto(AbstractPipeline.java:488)
	at java.base/java.util.stream.AbstractPipeline.wrapAndCopyInto(AbstractPipeline.java:474)
	at java.base/java.util.stream.FindOps$FindOp.evaluateSequential(FindOps.java:150)
	at java.base/java.util.stream.AbstractPipeline.evaluate(AbstractPipeline.java:234)
	at java.base/java.util.stream.ReferencePipeline.findFirst(ReferencePipeline.java:647)
	at org.openqa.selenium.remote.ProtocolHandshake.createSession(ProtocolHandshake.java:368)
	at org.openqa.selenium.remote.ProtocolHandshake.createSession(ProtocolHandshake.java:159)
	at org.openqa.selenium.remote.HttpCommandExecutor.execute(HttpCommandExecutor.java:142)
	at org.openqa.selenium.remote.service.DriverCommandExecutor.execute(DriverCommandExecutor.java:82)
	at org.openqa.selenium.remote.RemoteWebDriver.execute(RemoteWebDriver.java:637)
	at org.openqa.selenium.remote.RemoteWebDriver.startSession(RemoteWebDriver.java:250)
	at org.openqa.selenium.remote.RemoteWebDriver.startSession(RemoteWebDriver.java:236)
	at org.openqa.selenium.remote.RemoteWebDriver.<init>(RemoteWebDriver.java:137)
	at org.openqa.selenium.chrome.ChromeDriver.<init>(ChromeDriver.java:184)
	at org.openqa.selenium.chrome.ChromeDriver.<init>(ChromeDriver.java:171)
	at org.openqa.selenium.chrome.ChromeDriver.<init>(ChromeDriver.java:124)
	at com.mindtree.com.utilities.ReadConfig.initializeDriver(ReadConfig.java:31)
	at com.mindtree.com.stepdefinition.WishListStepDefinition.lands_on_home_page(WishListStepDefinition.java:28)
	at ✽.lands on home page(file:///E:/EndToEndFramework/BDDFramework/src/test/java/com/mindtree/com/features/Cart.feature:3)
]]>
    </failure>
  </testcase> <!-- runScenario -->
  <testcase classname="com.mindtree.com.runner.Runner" name="runScenario" time="1.749">
    <failure type="org.openqa.selenium.SessionNotCreatedException" message="session not created: This version of ChromeDriver only supports Chrome version 94
Current browser version is 96.0.4664.45 with binary path C:\Program Files\Google\Chrome\Application\chrome.exe
Build info: version: &amp;apos;3.4.0&amp;apos;, revision: &amp;apos;unknown&amp;apos;, time: &amp;apos;unknown&amp;apos;
System info: host: &amp;apos;DESKTOP-GJ80SN7&amp;apos;, ip: &amp;apos;192.168.0.239&amp;apos;, os.name: &amp;apos;Windows 10&amp;apos;, os.arch: &amp;apos;amd64&amp;apos;, os.version: &amp;apos;10.0&amp;apos;, java.version: &amp;apos;16.0.2&amp;apos;
Driver info: driver.version: ChromeDriver
remote stacktrace: Backtrace:
	Ordinal0 [0x0108BDE3+2473443]
	Ordinal0 [0x01026661+2057825]
	Ordinal0 [0x00F32438+1057848]
	Ordinal0 [0x00F5054A+1181002]
	Ordinal0 [0x00F4C435+1164341]
	Ordinal0 [0x00F49CAF+1154223]
	Ordinal0 [0x00F79ADF+1350367]
	Ordinal0 [0x00F7974A+1349450]
	Ordinal0 [0x00F755AB+1332651]
	Ordinal0 [0x00F52104+1188100]
	Ordinal0 [0x00F52F59+1191769]
	GetHandleVerifier [0x01212266+1549718]
	GetHandleVerifier [0x012BD4A7+2250711]
	GetHandleVerifier [0x0111718B+521403]
	GetHandleVerifier [0x01116229+517465]
	Ordinal0 [0x0102B79D+2078621]
	Ordinal0 [0x0102FB58+2095960]
	Ordinal0 [0x0102FC92+2096274]
	Ordinal0 [0x01039541+2135361]
	BaseThreadInitThunk [0x76C9FA29+25]
	RtlGetAppContainerNamedObjectPath [0x770A7A9E+286]
	RtlGetAppContainerNamedObjectPath [0x770A7A6E+238]
">
      <![CDATA[org.openqa.selenium.SessionNotCreatedException: session not created: This version of ChromeDriver only supports Chrome version 94
Current browser version is 96.0.4664.45 with binary path C:\Program Files\Google\Chrome\Application\chrome.exe
Build info: version: '3.4.0', revision: 'unknown', time: 'unknown'
System info: host: 'DESKTOP-GJ80SN7', ip: '192.168.0.239', os.name: 'Windows 10', os.arch: 'amd64', os.version: '10.0', java.version: '16.0.2'
Driver info: driver.version: ChromeDriver
remote stacktrace: Backtrace:
	Ordinal0 [0x0108BDE3+2473443]
	Ordinal0 [0x01026661+2057825]
	Ordinal0 [0x00F32438+1057848]
	Ordinal0 [0x00F5054A+1181002]
	Ordinal0 [0x00F4C435+1164341]
	Ordinal0 [0x00F49CAF+1154223]
	Ordinal0 [0x00F79ADF+1350367]
	Ordinal0 [0x00F7974A+1349450]
	Ordinal0 [0x00F755AB+1332651]
	Ordinal0 [0x00F52104+1188100]
	Ordinal0 [0x00F52F59+1191769]
	GetHandleVerifier [0x01212266+1549718]
	GetHandleVerifier [0x012BD4A7+2250711]
	GetHandleVerifier [0x0111718B+521403]
	GetHandleVerifier [0x01116229+517465]
	Ordinal0 [0x0102B79D+2078621]
	Ordinal0 [0x0102FB58+2095960]
	Ordinal0 [0x0102FC92+2096274]
	Ordinal0 [0x01039541+2135361]
	BaseThreadInitThunk [0x76C9FA29+25]
	RtlGetAppContainerNamedObjectPath [0x770A7A9E+286]
	RtlGetAppContainerNamedObjectPath [0x770A7A6E+238]

	at java.base/jdk.internal.reflect.NativeConstructorAccessorImpl.newInstance0(Native Method)
	at java.base/jdk.internal.reflect.NativeConstructorAccessorImpl.newInstance(NativeConstructorAccessorImpl.java:78)
	at java.base/jdk.internal.reflect.DelegatingConstructorAccessorImpl.newInstance(DelegatingConstructorAccessorImpl.java:45)
	at java.base/java.lang.reflect.Constructor.newInstanceWithCaller(Constructor.java:499)
	at java.base/java.lang.reflect.Constructor.newInstance(Constructor.java:480)
	at org.openqa.selenium.remote.W3CHandshakeResponse.lambda$new$0(W3CHandshakeResponse.java:57)
	at org.openqa.selenium.remote.W3CHandshakeResponse.lambda$getResponseFunction$2(W3CHandshakeResponse.java:104)
	at org.openqa.selenium.remote.ProtocolHandshake.lambda$createSession$22(ProtocolHandshake.java:365)
	at java.base/java.util.stream.ReferencePipeline$3$1.accept(ReferencePipeline.java:197)
	at java.base/java.util.Spliterators$ArraySpliterator.tryAdvance(Spliterators.java:958)
	at java.base/java.util.stream.ReferencePipeline.forEachWithCancel(ReferencePipeline.java:129)
	at java.base/java.util.stream.AbstractPipeline.copyIntoWithCancel(AbstractPipeline.java:502)
	at java.base/java.util.stream.AbstractPipeline.copyInto(AbstractPipeline.java:488)
	at java.base/java.util.stream.AbstractPipeline.wrapAndCopyInto(AbstractPipeline.java:474)
	at java.base/java.util.stream.FindOps$FindOp.evaluateSequential(FindOps.java:150)
	at java.base/java.util.stream.AbstractPipeline.evaluate(AbstractPipeline.java:234)
	at java.base/java.util.stream.ReferencePipeline.findFirst(ReferencePipeline.java:647)
	at org.openqa.selenium.remote.ProtocolHandshake.createSession(ProtocolHandshake.java:368)
	at org.openqa.selenium.remote.ProtocolHandshake.createSession(ProtocolHandshake.java:159)
	at org.openqa.selenium.remote.HttpCommandExecutor.execute(HttpCommandExecutor.java:142)
	at org.openqa.selenium.remote.service.DriverCommandExecutor.execute(DriverCommandExecutor.java:82)
	at org.openqa.selenium.remote.RemoteWebDriver.execute(RemoteWebDriver.java:637)
	at org.openqa.selenium.remote.RemoteWebDriver.startSession(RemoteWebDriver.java:250)
	at org.openqa.selenium.remote.RemoteWebDriver.startSession(RemoteWebDriver.java:236)
	at org.openqa.selenium.remote.RemoteWebDriver.<init>(RemoteWebDriver.java:137)
	at org.openqa.selenium.chrome.ChromeDriver.<init>(ChromeDriver.java:184)
	at org.openqa.selenium.chrome.ChromeDriver.<init>(ChromeDriver.java:171)
	at org.openqa.selenium.chrome.ChromeDriver.<init>(ChromeDriver.java:124)
	at com.mindtree.com.utilities.ReadConfig.initializeDriver(ReadConfig.java:31)
	at com.mindtree.com.stepdefinition.WishListStepDefinition.lands_on_home_page(WishListStepDefinition.java:28)
	at ✽.lands on home page(file:///E:/EndToEndFramework/BDDFramework/src/test/java/com/mindtree/com/features/EstimatedDelivery.feature:3)
]]>
    </failure>
  </testcase> <!-- runScenario -->
  <testcase classname="com.mindtree.com.runner.Runner" name="runScenario" time="4.33">
    <failure type="org.openqa.selenium.SessionNotCreatedException" message="session not created: This version of ChromeDriver only supports Chrome version 94
Current browser version is 96.0.4664.45 with binary path C:\Program Files\Google\Chrome\Application\chrome.exe
Build info: version: &amp;apos;3.4.0&amp;apos;, revision: &amp;apos;unknown&amp;apos;, time: &amp;apos;unknown&amp;apos;
System info: host: &amp;apos;DESKTOP-GJ80SN7&amp;apos;, ip: &amp;apos;192.168.0.239&amp;apos;, os.name: &amp;apos;Windows 10&amp;apos;, os.arch: &amp;apos;amd64&amp;apos;, os.version: &amp;apos;10.0&amp;apos;, java.version: &amp;apos;16.0.2&amp;apos;
Driver info: driver.version: ChromeDriver
remote stacktrace: Backtrace:
	Ordinal0 [0x0108BDE3+2473443]
	Ordinal0 [0x01026661+2057825]
	Ordinal0 [0x00F32438+1057848]
	Ordinal0 [0x00F5054A+1181002]
	Ordinal0 [0x00F4C435+1164341]
	Ordinal0 [0x00F49CAF+1154223]
	Ordinal0 [0x00F79ADF+1350367]
	Ordinal0 [0x00F7974A+1349450]
	Ordinal0 [0x00F755AB+1332651]
	Ordinal0 [0x00F52104+1188100]
	Ordinal0 [0x00F52F59+1191769]
	GetHandleVerifier [0x01212266+1549718]
	GetHandleVerifier [0x012BD4A7+2250711]
	GetHandleVerifier [0x0111718B+521403]
	GetHandleVerifier [0x01116229+517465]
	Ordinal0 [0x0102B79D+2078621]
	Ordinal0 [0x0102FB58+2095960]
	Ordinal0 [0x0102FC92+2096274]
	Ordinal0 [0x01039541+2135361]
	BaseThreadInitThunk [0x76C9FA29+25]
	RtlGetAppContainerNamedObjectPath [0x770A7A9E+286]
	RtlGetAppContainerNamedObjectPath [0x770A7A6E+238]
">
      <![CDATA[org.openqa.selenium.SessionNotCreatedException: session not created: This version of ChromeDriver only supports Chrome version 94
Current browser version is 96.0.4664.45 with binary path C:\Program Files\Google\Chrome\Application\chrome.exe
Build info: version: '3.4.0', revision: 'unknown', time: 'unknown'
System info: host: 'DESKTOP-GJ80SN7', ip: '192.168.0.239', os.name: 'Windows 10', os.arch: 'amd64', os.version: '10.0', java.version: '16.0.2'
Driver info: driver.version: ChromeDriver
remote stacktrace: Backtrace:
	Ordinal0 [0x0108BDE3+2473443]
	Ordinal0 [0x01026661+2057825]
	Ordinal0 [0x00F32438+1057848]
	Ordinal0 [0x00F5054A+1181002]
	Ordinal0 [0x00F4C435+1164341]
	Ordinal0 [0x00F49CAF+1154223]
	Ordinal0 [0x00F79ADF+1350367]
	Ordinal0 [0x00F7974A+1349450]
	Ordinal0 [0x00F755AB+1332651]
	Ordinal0 [0x00F52104+1188100]
	Ordinal0 [0x00F52F59+1191769]
	GetHandleVerifier [0x01212266+1549718]
	GetHandleVerifier [0x012BD4A7+2250711]
	GetHandleVerifier [0x0111718B+521403]
	GetHandleVerifier [0x01116229+517465]
	Ordinal0 [0x0102B79D+2078621]
	Ordinal0 [0x0102FB58+2095960]
	Ordinal0 [0x0102FC92+2096274]
	Ordinal0 [0x01039541+2135361]
	BaseThreadInitThunk [0x76C9FA29+25]
	RtlGetAppContainerNamedObjectPath [0x770A7A9E+286]
	RtlGetAppContainerNamedObjectPath [0x770A7A6E+238]

	at java.base/jdk.internal.reflect.NativeConstructorAccessorImpl.newInstance0(Native Method)
	at java.base/jdk.internal.reflect.NativeConstructorAccessorImpl.newInstance(NativeConstructorAccessorImpl.java:78)
	at java.base/jdk.internal.reflect.DelegatingConstructorAccessorImpl.newInstance(DelegatingConstructorAccessorImpl.java:45)
	at java.base/java.lang.reflect.Constructor.newInstanceWithCaller(Constructor.java:499)
	at java.base/java.lang.reflect.Constructor.newInstance(Constructor.java:480)
	at org.openqa.selenium.remote.W3CHandshakeResponse.lambda$new$0(W3CHandshakeResponse.java:57)
	at org.openqa.selenium.remote.W3CHandshakeResponse.lambda$getResponseFunction$2(W3CHandshakeResponse.java:104)
	at org.openqa.selenium.remote.ProtocolHandshake.lambda$createSession$22(ProtocolHandshake.java:365)
	at java.base/java.util.stream.ReferencePipeline$3$1.accept(ReferencePipeline.java:197)
	at java.base/java.util.Spliterators$ArraySpliterator.tryAdvance(Spliterators.java:958)
	at java.base/java.util.stream.ReferencePipeline.forEachWithCancel(ReferencePipeline.java:129)
	at java.base/java.util.stream.AbstractPipeline.copyIntoWithCancel(AbstractPipeline.java:502)
	at java.base/java.util.stream.AbstractPipeline.copyInto(AbstractPipeline.java:488)
	at java.base/java.util.stream.AbstractPipeline.wrapAndCopyInto(AbstractPipeline.java:474)
	at java.base/java.util.stream.FindOps$FindOp.evaluateSequential(FindOps.java:150)
	at java.base/java.util.stream.AbstractPipeline.evaluate(AbstractPipeline.java:234)
	at java.base/java.util.stream.ReferencePipeline.findFirst(ReferencePipeline.java:647)
	at org.openqa.selenium.remote.ProtocolHandshake.createSession(ProtocolHandshake.java:368)
	at org.openqa.selenium.remote.ProtocolHandshake.createSession(ProtocolHandshake.java:159)
	at org.openqa.selenium.remote.HttpCommandExecutor.execute(HttpCommandExecutor.java:142)
	at org.openqa.selenium.remote.service.DriverCommandExecutor.execute(DriverCommandExecutor.java:82)
	at org.openqa.selenium.remote.RemoteWebDriver.execute(RemoteWebDriver.java:637)
	at org.openqa.selenium.remote.RemoteWebDriver.startSession(RemoteWebDriver.java:250)
	at org.openqa.selenium.remote.RemoteWebDriver.startSession(RemoteWebDriver.java:236)
	at org.openqa.selenium.remote.RemoteWebDriver.<init>(RemoteWebDriver.java:137)
	at org.openqa.selenium.chrome.ChromeDriver.<init>(ChromeDriver.java:184)
	at org.openqa.selenium.chrome.ChromeDriver.<init>(ChromeDriver.java:171)
	at org.openqa.selenium.chrome.ChromeDriver.<init>(ChromeDriver.java:124)
	at com.mindtree.com.utilities.ReadConfig.initializeDriver(ReadConfig.java:31)
	at com.mindtree.com.stepdefinition.WishListStepDefinition.lands_on_home_page(WishListStepDefinition.java:28)
	at ✽.lands on home page(file:///E:/EndToEndFramework/BDDFramework/src/test/java/com/mindtree/com/features/GiftCard.feature:3)
]]>
    </failure>
  </testcase> <!-- runScenario -->
  <testcase classname="com.mindtree.com.runner.Runner" name="runScenario" time="13.754">
    <failure type="org.openqa.selenium.SessionNotCreatedException" message="session not created: This version of ChromeDriver only supports Chrome version 94
Current browser version is 96.0.4664.45 with binary path C:\Program Files\Google\Chrome\Application\chrome.exe
Build info: version: &amp;apos;3.4.0&amp;apos;, revision: &amp;apos;unknown&amp;apos;, time: &amp;apos;unknown&amp;apos;
System info: host: &amp;apos;DESKTOP-GJ80SN7&amp;apos;, ip: &amp;apos;192.168.0.239&amp;apos;, os.name: &amp;apos;Windows 10&amp;apos;, os.arch: &amp;apos;amd64&amp;apos;, os.version: &amp;apos;10.0&amp;apos;, java.version: &amp;apos;16.0.2&amp;apos;
Driver info: driver.version: ChromeDriver
remote stacktrace: Backtrace:
	Ordinal0 [0x0108BDE3+2473443]
	Ordinal0 [0x01026661+2057825]
	Ordinal0 [0x00F32438+1057848]
	Ordinal0 [0x00F5054A+1181002]
	Ordinal0 [0x00F4C435+1164341]
	Ordinal0 [0x00F49CAF+1154223]
	Ordinal0 [0x00F79ADF+1350367]
	Ordinal0 [0x00F7974A+1349450]
	Ordinal0 [0x00F755AB+1332651]
	Ordinal0 [0x00F52104+1188100]
	Ordinal0 [0x00F52F59+1191769]
	GetHandleVerifier [0x01212266+1549718]
	GetHandleVerifier [0x012BD4A7+2250711]
	GetHandleVerifier [0x0111718B+521403]
	GetHandleVerifier [0x01116229+517465]
	Ordinal0 [0x0102B79D+2078621]
	Ordinal0 [0x0102FB58+2095960]
	Ordinal0 [0x0102FC92+2096274]
	Ordinal0 [0x01039541+2135361]
	BaseThreadInitThunk [0x76C9FA29+25]
	RtlGetAppContainerNamedObjectPath [0x770A7A9E+286]
	RtlGetAppContainerNamedObjectPath [0x770A7A6E+238]
">
      <![CDATA[org.openqa.selenium.SessionNotCreatedException: session not created: This version of ChromeDriver only supports Chrome version 94
Current browser version is 96.0.4664.45 with binary path C:\Program Files\Google\Chrome\Application\chrome.exe
Build info: version: '3.4.0', revision: 'unknown', time: 'unknown'
System info: host: 'DESKTOP-GJ80SN7', ip: '192.168.0.239', os.name: 'Windows 10', os.arch: 'amd64', os.version: '10.0', java.version: '16.0.2'
Driver info: driver.version: ChromeDriver
remote stacktrace: Backtrace:
	Ordinal0 [0x0108BDE3+2473443]
	Ordinal0 [0x01026661+2057825]
	Ordinal0 [0x00F32438+1057848]
	Ordinal0 [0x00F5054A+1181002]
	Ordinal0 [0x00F4C435+1164341]
	Ordinal0 [0x00F49CAF+1154223]
	Ordinal0 [0x00F79ADF+1350367]
	Ordinal0 [0x00F7974A+1349450]
	Ordinal0 [0x00F755AB+1332651]
	Ordinal0 [0x00F52104+1188100]
	Ordinal0 [0x00F52F59+1191769]
	GetHandleVerifier [0x01212266+1549718]
	GetHandleVerifier [0x012BD4A7+2250711]
	GetHandleVerifier [0x0111718B+521403]
	GetHandleVerifier [0x01116229+517465]
	Ordinal0 [0x0102B79D+2078621]
	Ordinal0 [0x0102FB58+2095960]
	Ordinal0 [0x0102FC92+2096274]
	Ordinal0 [0x01039541+2135361]
	BaseThreadInitThunk [0x76C9FA29+25]
	RtlGetAppContainerNamedObjectPath [0x770A7A9E+286]
	RtlGetAppContainerNamedObjectPath [0x770A7A6E+238]

	at java.base/jdk.internal.reflect.NativeConstructorAccessorImpl.newInstance0(Native Method)
	at java.base/jdk.internal.reflect.NativeConstructorAccessorImpl.newInstance(NativeConstructorAccessorImpl.java:78)
	at java.base/jdk.internal.reflect.DelegatingConstructorAccessorImpl.newInstance(DelegatingConstructorAccessorImpl.java:45)
	at java.base/java.lang.reflect.Constructor.newInstanceWithCaller(Constructor.java:499)
	at java.base/java.lang.reflect.Constructor.newInstance(Constructor.java:480)
	at org.openqa.selenium.remote.W3CHandshakeResponse.lambda$new$0(W3CHandshakeResponse.java:57)
	at org.openqa.selenium.remote.W3CHandshakeResponse.lambda$getResponseFunction$2(W3CHandshakeResponse.java:104)
	at org.openqa.selenium.remote.ProtocolHandshake.lambda$createSession$22(ProtocolHandshake.java:365)
	at java.base/java.util.stream.ReferencePipeline$3$1.accept(ReferencePipeline.java:197)
	at java.base/java.util.Spliterators$ArraySpliterator.tryAdvance(Spliterators.java:958)
	at java.base/java.util.stream.ReferencePipeline.forEachWithCancel(ReferencePipeline.java:129)
	at java.base/java.util.stream.AbstractPipeline.copyIntoWithCancel(AbstractPipeline.java:502)
	at java.base/java.util.stream.AbstractPipeline.copyInto(AbstractPipeline.java:488)
	at java.base/java.util.stream.AbstractPipeline.wrapAndCopyInto(AbstractPipeline.java:474)
	at java.base/java.util.stream.FindOps$FindOp.evaluateSequential(FindOps.java:150)
	at java.base/java.util.stream.AbstractPipeline.evaluate(AbstractPipeline.java:234)
	at java.base/java.util.stream.ReferencePipeline.findFirst(ReferencePipeline.java:647)
	at org.openqa.selenium.remote.ProtocolHandshake.createSession(ProtocolHandshake.java:368)
	at org.openqa.selenium.remote.ProtocolHandshake.createSession(ProtocolHandshake.java:159)
	at org.openqa.selenium.remote.HttpCommandExecutor.execute(HttpCommandExecutor.java:142)
	at org.openqa.selenium.remote.service.DriverCommandExecutor.execute(DriverCommandExecutor.java:82)
	at org.openqa.selenium.remote.RemoteWebDriver.execute(RemoteWebDriver.java:637)
	at org.openqa.selenium.remote.RemoteWebDriver.startSession(RemoteWebDriver.java:250)
	at org.openqa.selenium.remote.RemoteWebDriver.startSession(RemoteWebDriver.java:236)
	at org.openqa.selenium.remote.RemoteWebDriver.<init>(RemoteWebDriver.java:137)
	at org.openqa.selenium.chrome.ChromeDriver.<init>(ChromeDriver.java:184)
	at org.openqa.selenium.chrome.ChromeDriver.<init>(ChromeDriver.java:171)
	at org.openqa.selenium.chrome.ChromeDriver.<init>(ChromeDriver.java:124)
	at com.mindtree.com.utilities.ReadConfig.initializeDriver(ReadConfig.java:31)
	at com.mindtree.com.stepdefinition.WishListStepDefinition.lands_on_home_page(WishListStepDefinition.java:28)
	at ✽.lands on home page(file:///E:/EndToEndFramework/BDDFramework/src/test/java/com/mindtree/com/features/GiftsDropDown.feature:3)
]]>
    </failure>
  </testcase> <!-- runScenario -->
  <testcase classname="com.mindtree.com.runner.Runner" name="runScenario" time="1.757">
    <failure type="org.openqa.selenium.SessionNotCreatedException" message="session not created: This version of ChromeDriver only supports Chrome version 94
Current browser version is 96.0.4664.45 with binary path C:\Program Files\Google\Chrome\Application\chrome.exe
Build info: version: &amp;apos;3.4.0&amp;apos;, revision: &amp;apos;unknown&amp;apos;, time: &amp;apos;unknown&amp;apos;
System info: host: &amp;apos;DESKTOP-GJ80SN7&amp;apos;, ip: &amp;apos;192.168.0.239&amp;apos;, os.name: &amp;apos;Windows 10&amp;apos;, os.arch: &amp;apos;amd64&amp;apos;, os.version: &amp;apos;10.0&amp;apos;, java.version: &amp;apos;16.0.2&amp;apos;
Driver info: driver.version: ChromeDriver
remote stacktrace: Backtrace:
	Ordinal0 [0x0108BDE3+2473443]
	Ordinal0 [0x01026661+2057825]
	Ordinal0 [0x00F32438+1057848]
	Ordinal0 [0x00F5054A+1181002]
	Ordinal0 [0x00F4C435+1164341]
	Ordinal0 [0x00F49CAF+1154223]
	Ordinal0 [0x00F79ADF+1350367]
	Ordinal0 [0x00F7974A+1349450]
	Ordinal0 [0x00F755AB+1332651]
	Ordinal0 [0x00F52104+1188100]
	Ordinal0 [0x00F52F59+1191769]
	GetHandleVerifier [0x01212266+1549718]
	GetHandleVerifier [0x012BD4A7+2250711]
	GetHandleVerifier [0x0111718B+521403]
	GetHandleVerifier [0x01116229+517465]
	Ordinal0 [0x0102B79D+2078621]
	Ordinal0 [0x0102FB58+2095960]
	Ordinal0 [0x0102FC92+2096274]
	Ordinal0 [0x01039541+2135361]
	BaseThreadInitThunk [0x76C9FA29+25]
	RtlGetAppContainerNamedObjectPath [0x770A7A9E+286]
	RtlGetAppContainerNamedObjectPath [0x770A7A6E+238]
">
      <![CDATA[org.openqa.selenium.SessionNotCreatedException: session not created: This version of ChromeDriver only supports Chrome version 94
Current browser version is 96.0.4664.45 with binary path C:\Program Files\Google\Chrome\Application\chrome.exe
Build info: version: '3.4.0', revision: 'unknown', time: 'unknown'
System info: host: 'DESKTOP-GJ80SN7', ip: '192.168.0.239', os.name: 'Windows 10', os.arch: 'amd64', os.version: '10.0', java.version: '16.0.2'
Driver info: driver.version: ChromeDriver
remote stacktrace: Backtrace:
	Ordinal0 [0x0108BDE3+2473443]
	Ordinal0 [0x01026661+2057825]
	Ordinal0 [0x00F32438+1057848]
	Ordinal0 [0x00F5054A+1181002]
	Ordinal0 [0x00F4C435+1164341]
	Ordinal0 [0x00F49CAF+1154223]
	Ordinal0 [0x00F79ADF+1350367]
	Ordinal0 [0x00F7974A+1349450]
	Ordinal0 [0x00F755AB+1332651]
	Ordinal0 [0x00F52104+1188100]
	Ordinal0 [0x00F52F59+1191769]
	GetHandleVerifier [0x01212266+1549718]
	GetHandleVerifier [0x012BD4A7+2250711]
	GetHandleVerifier [0x0111718B+521403]
	GetHandleVerifier [0x01116229+517465]
	Ordinal0 [0x0102B79D+2078621]
	Ordinal0 [0x0102FB58+2095960]
	Ordinal0 [0x0102FC92+2096274]
	Ordinal0 [0x01039541+2135361]
	BaseThreadInitThunk [0x76C9FA29+25]
	RtlGetAppContainerNamedObjectPath [0x770A7A9E+286]
	RtlGetAppContainerNamedObjectPath [0x770A7A6E+238]

	at java.base/jdk.internal.reflect.NativeConstructorAccessorImpl.newInstance0(Native Method)
	at java.base/jdk.internal.reflect.NativeConstructorAccessorImpl.newInstance(NativeConstructorAccessorImpl.java:78)
	at java.base/jdk.internal.reflect.DelegatingConstructorAccessorImpl.newInstance(DelegatingConstructorAccessorImpl.java:45)
	at java.base/java.lang.reflect.Constructor.newInstanceWithCaller(Constructor.java:499)
	at java.base/java.lang.reflect.Constructor.newInstance(Constructor.java:480)
	at org.openqa.selenium.remote.W3CHandshakeResponse.lambda$new$0(W3CHandshakeResponse.java:57)
	at org.openqa.selenium.remote.W3CHandshakeResponse.lambda$getResponseFunction$2(W3CHandshakeResponse.java:104)
	at org.openqa.selenium.remote.ProtocolHandshake.lambda$createSession$22(ProtocolHandshake.java:365)
	at java.base/java.util.stream.ReferencePipeline$3$1.accept(ReferencePipeline.java:197)
	at java.base/java.util.Spliterators$ArraySpliterator.tryAdvance(Spliterators.java:958)
	at java.base/java.util.stream.ReferencePipeline.forEachWithCancel(ReferencePipeline.java:129)
	at java.base/java.util.stream.AbstractPipeline.copyIntoWithCancel(AbstractPipeline.java:502)
	at java.base/java.util.stream.AbstractPipeline.copyInto(AbstractPipeline.java:488)
	at java.base/java.util.stream.AbstractPipeline.wrapAndCopyInto(AbstractPipeline.java:474)
	at java.base/java.util.stream.FindOps$FindOp.evaluateSequential(FindOps.java:150)
	at java.base/java.util.stream.AbstractPipeline.evaluate(AbstractPipeline.java:234)
	at java.base/java.util.stream.ReferencePipeline.findFirst(ReferencePipeline.java:647)
	at org.openqa.selenium.remote.ProtocolHandshake.createSession(ProtocolHandshake.java:368)
	at org.openqa.selenium.remote.ProtocolHandshake.createSession(ProtocolHandshake.java:159)
	at org.openqa.selenium.remote.HttpCommandExecutor.execute(HttpCommandExecutor.java:142)
	at org.openqa.selenium.remote.service.DriverCommandExecutor.execute(DriverCommandExecutor.java:82)
	at org.openqa.selenium.remote.RemoteWebDriver.execute(RemoteWebDriver.java:637)
	at org.openqa.selenium.remote.RemoteWebDriver.startSession(RemoteWebDriver.java:250)
	at org.openqa.selenium.remote.RemoteWebDriver.startSession(RemoteWebDriver.java:236)
	at org.openqa.selenium.remote.RemoteWebDriver.<init>(RemoteWebDriver.java:137)
	at org.openqa.selenium.chrome.ChromeDriver.<init>(ChromeDriver.java:184)
	at org.openqa.selenium.chrome.ChromeDriver.<init>(ChromeDriver.java:171)
	at org.openqa.selenium.chrome.ChromeDriver.<init>(ChromeDriver.java:124)
	at com.mindtree.com.utilities.ReadConfig.initializeDriver(ReadConfig.java:31)
	at com.mindtree.com.stepdefinition.WishListStepDefinition.lands_on_home_page(WishListStepDefinition.java:28)
	at ✽.lands on home page(file:///E:/EndToEndFramework/BDDFramework/src/test/java/com/mindtree/com/features/IncreaseQuantity.feature:3)
]]>
    </failure>
  </testcase> <!-- runScenario -->
  <testcase classname="com.mindtree.com.runner.Runner" name="runScenario" time="1.933">
    <failure type="org.openqa.selenium.SessionNotCreatedException" message="session not created: This version of ChromeDriver only supports Chrome version 94
Current browser version is 96.0.4664.45 with binary path C:\Program Files\Google\Chrome\Application\chrome.exe
Build info: version: &amp;apos;3.4.0&amp;apos;, revision: &amp;apos;unknown&amp;apos;, time: &amp;apos;unknown&amp;apos;
System info: host: &amp;apos;DESKTOP-GJ80SN7&amp;apos;, ip: &amp;apos;192.168.0.239&amp;apos;, os.name: &amp;apos;Windows 10&amp;apos;, os.arch: &amp;apos;amd64&amp;apos;, os.version: &amp;apos;10.0&amp;apos;, java.version: &amp;apos;16.0.2&amp;apos;
Driver info: driver.version: ChromeDriver
remote stacktrace: Backtrace:
	Ordinal0 [0x0108BDE3+2473443]
	Ordinal0 [0x01026661+2057825]
	Ordinal0 [0x00F32438+1057848]
	Ordinal0 [0x00F5054A+1181002]
	Ordinal0 [0x00F4C435+1164341]
	Ordinal0 [0x00F49CAF+1154223]
	Ordinal0 [0x00F79ADF+1350367]
	Ordinal0 [0x00F7974A+1349450]
	Ordinal0 [0x00F755AB+1332651]
	Ordinal0 [0x00F52104+1188100]
	Ordinal0 [0x00F52F59+1191769]
	GetHandleVerifier [0x01212266+1549718]
	GetHandleVerifier [0x012BD4A7+2250711]
	GetHandleVerifier [0x0111718B+521403]
	GetHandleVerifier [0x01116229+517465]
	Ordinal0 [0x0102B79D+2078621]
	Ordinal0 [0x0102FB58+2095960]
	Ordinal0 [0x0102FC92+2096274]
	Ordinal0 [0x01039541+2135361]
	BaseThreadInitThunk [0x76C9FA29+25]
	RtlGetAppContainerNamedObjectPath [0x770A7A9E+286]
	RtlGetAppContainerNamedObjectPath [0x770A7A6E+238]
">
      <![CDATA[org.openqa.selenium.SessionNotCreatedException: session not created: This version of ChromeDriver only supports Chrome version 94
Current browser version is 96.0.4664.45 with binary path C:\Program Files\Google\Chrome\Application\chrome.exe
Build info: version: '3.4.0', revision: 'unknown', time: 'unknown'
System info: host: 'DESKTOP-GJ80SN7', ip: '192.168.0.239', os.name: 'Windows 10', os.arch: 'amd64', os.version: '10.0', java.version: '16.0.2'
Driver info: driver.version: ChromeDriver
remote stacktrace: Backtrace:
	Ordinal0 [0x0108BDE3+2473443]
	Ordinal0 [0x01026661+2057825]
	Ordinal0 [0x00F32438+1057848]
	Ordinal0 [0x00F5054A+1181002]
	Ordinal0 [0x00F4C435+1164341]
	Ordinal0 [0x00F49CAF+1154223]
	Ordinal0 [0x00F79ADF+1350367]
	Ordinal0 [0x00F7974A+1349450]
	Ordinal0 [0x00F755AB+1332651]
	Ordinal0 [0x00F52104+1188100]
	Ordinal0 [0x00F52F59+1191769]
	GetHandleVerifier [0x01212266+1549718]
	GetHandleVerifier [0x012BD4A7+2250711]
	GetHandleVerifier [0x0111718B+521403]
	GetHandleVerifier [0x01116229+517465]
	Ordinal0 [0x0102B79D+2078621]
	Ordinal0 [0x0102FB58+2095960]
	Ordinal0 [0x0102FC92+2096274]
	Ordinal0 [0x01039541+2135361]
	BaseThreadInitThunk [0x76C9FA29+25]
	RtlGetAppContainerNamedObjectPath [0x770A7A9E+286]
	RtlGetAppContainerNamedObjectPath [0x770A7A6E+238]

	at java.base/jdk.internal.reflect.NativeConstructorAccessorImpl.newInstance0(Native Method)
	at java.base/jdk.internal.reflect.NativeConstructorAccessorImpl.newInstance(NativeConstructorAccessorImpl.java:78)
	at java.base/jdk.internal.reflect.DelegatingConstructorAccessorImpl.newInstance(DelegatingConstructorAccessorImpl.java:45)
	at java.base/java.lang.reflect.Constructor.newInstanceWithCaller(Constructor.java:499)
	at java.base/java.lang.reflect.Constructor.newInstance(Constructor.java:480)
	at org.openqa.selenium.remote.W3CHandshakeResponse.lambda$new$0(W3CHandshakeResponse.java:57)
	at org.openqa.selenium.remote.W3CHandshakeResponse.lambda$getResponseFunction$2(W3CHandshakeResponse.java:104)
	at org.openqa.selenium.remote.ProtocolHandshake.lambda$createSession$22(ProtocolHandshake.java:365)
	at java.base/java.util.stream.ReferencePipeline$3$1.accept(ReferencePipeline.java:197)
	at java.base/java.util.Spliterators$ArraySpliterator.tryAdvance(Spliterators.java:958)
	at java.base/java.util.stream.ReferencePipeline.forEachWithCancel(ReferencePipeline.java:129)
	at java.base/java.util.stream.AbstractPipeline.copyIntoWithCancel(AbstractPipeline.java:502)
	at java.base/java.util.stream.AbstractPipeline.copyInto(AbstractPipeline.java:488)
	at java.base/java.util.stream.AbstractPipeline.wrapAndCopyInto(AbstractPipeline.java:474)
	at java.base/java.util.stream.FindOps$FindOp.evaluateSequential(FindOps.java:150)
	at java.base/java.util.stream.AbstractPipeline.evaluate(AbstractPipeline.java:234)
	at java.base/java.util.stream.ReferencePipeline.findFirst(ReferencePipeline.java:647)
	at org.openqa.selenium.remote.ProtocolHandshake.createSession(ProtocolHandshake.java:368)
	at org.openqa.selenium.remote.ProtocolHandshake.createSession(ProtocolHandshake.java:159)
	at org.openqa.selenium.remote.HttpCommandExecutor.execute(HttpCommandExecutor.java:142)
	at org.openqa.selenium.remote.service.DriverCommandExecutor.execute(DriverCommandExecutor.java:82)
	at org.openqa.selenium.remote.RemoteWebDriver.execute(RemoteWebDriver.java:637)
	at org.openqa.selenium.remote.RemoteWebDriver.startSession(RemoteWebDriver.java:250)
	at org.openqa.selenium.remote.RemoteWebDriver.startSession(RemoteWebDriver.java:236)
	at org.openqa.selenium.remote.RemoteWebDriver.<init>(RemoteWebDriver.java:137)
	at org.openqa.selenium.chrome.ChromeDriver.<init>(ChromeDriver.java:184)
	at org.openqa.selenium.chrome.ChromeDriver.<init>(ChromeDriver.java:171)
	at org.openqa.selenium.chrome.ChromeDriver.<init>(ChromeDriver.java:124)
	at com.mindtree.com.utilities.ReadConfig.initializeDriver(ReadConfig.java:31)
	at com.mindtree.com.stepdefinition.SearchStepDefinition.user_is_on_home_page(SearchStepDefinition.java:28)
	at ✽.User is on home page(file:///E:/EndToEndFramework/BDDFramework/src/test/java/com/mindtree/com/features/Search.feature:3)
]]>
    </failure>
  </testcase> <!-- runScenario -->
  <testcase classname="com.mindtree.com.runner.Runner" name="runScenario" time="2.086">
    <failure type="org.openqa.selenium.SessionNotCreatedException" message="session not created: This version of ChromeDriver only supports Chrome version 94
Current browser version is 96.0.4664.45 with binary path C:\Program Files\Google\Chrome\Application\chrome.exe
Build info: version: &amp;apos;3.4.0&amp;apos;, revision: &amp;apos;unknown&amp;apos;, time: &amp;apos;unknown&amp;apos;
System info: host: &amp;apos;DESKTOP-GJ80SN7&amp;apos;, ip: &amp;apos;192.168.0.239&amp;apos;, os.name: &amp;apos;Windows 10&amp;apos;, os.arch: &amp;apos;amd64&amp;apos;, os.version: &amp;apos;10.0&amp;apos;, java.version: &amp;apos;16.0.2&amp;apos;
Driver info: driver.version: ChromeDriver
remote stacktrace: Backtrace:
	Ordinal0 [0x0108BDE3+2473443]
	Ordinal0 [0x01026661+2057825]
	Ordinal0 [0x00F32438+1057848]
	Ordinal0 [0x00F5054A+1181002]
	Ordinal0 [0x00F4C435+1164341]
	Ordinal0 [0x00F49CAF+1154223]
	Ordinal0 [0x00F79ADF+1350367]
	Ordinal0 [0x00F7974A+1349450]
	Ordinal0 [0x00F755AB+1332651]
	Ordinal0 [0x00F52104+1188100]
	Ordinal0 [0x00F52F59+1191769]
	GetHandleVerifier [0x01212266+1549718]
	GetHandleVerifier [0x012BD4A7+2250711]
	GetHandleVerifier [0x0111718B+521403]
	GetHandleVerifier [0x01116229+517465]
	Ordinal0 [0x0102B79D+2078621]
	Ordinal0 [0x0102FB58+2095960]
	Ordinal0 [0x0102FC92+2096274]
	Ordinal0 [0x01039541+2135361]
	BaseThreadInitThunk [0x76C9FA29+25]
	RtlGetAppContainerNamedObjectPath [0x770A7A9E+286]
	RtlGetAppContainerNamedObjectPath [0x770A7A6E+238]
">
      <![CDATA[org.openqa.selenium.SessionNotCreatedException: session not created: This version of ChromeDriver only supports Chrome version 94
Current browser version is 96.0.4664.45 with binary path C:\Program Files\Google\Chrome\Application\chrome.exe
Build info: version: '3.4.0', revision: 'unknown', time: 'unknown'
System info: host: 'DESKTOP-GJ80SN7', ip: '192.168.0.239', os.name: 'Windows 10', os.arch: 'amd64', os.version: '10.0', java.version: '16.0.2'
Driver info: driver.version: ChromeDriver
remote stacktrace: Backtrace:
	Ordinal0 [0x0108BDE3+2473443]
	Ordinal0 [0x01026661+2057825]
	Ordinal0 [0x00F32438+1057848]
	Ordinal0 [0x00F5054A+1181002]
	Ordinal0 [0x00F4C435+1164341]
	Ordinal0 [0x00F49CAF+1154223]
	Ordinal0 [0x00F79ADF+1350367]
	Ordinal0 [0x00F7974A+1349450]
	Ordinal0 [0x00F755AB+1332651]
	Ordinal0 [0x00F52104+1188100]
	Ordinal0 [0x00F52F59+1191769]
	GetHandleVerifier [0x01212266+1549718]
	GetHandleVerifier [0x012BD4A7+2250711]
	GetHandleVerifier [0x0111718B+521403]
	GetHandleVerifier [0x01116229+517465]
	Ordinal0 [0x0102B79D+2078621]
	Ordinal0 [0x0102FB58+2095960]
	Ordinal0 [0x0102FC92+2096274]
	Ordinal0 [0x01039541+2135361]
	BaseThreadInitThunk [0x76C9FA29+25]
	RtlGetAppContainerNamedObjectPath [0x770A7A9E+286]
	RtlGetAppContainerNamedObjectPath [0x770A7A6E+238]

	at java.base/jdk.internal.reflect.NativeConstructorAccessorImpl.newInstance0(Native Method)
	at java.base/jdk.internal.reflect.NativeConstructorAccessorImpl.newInstance(NativeConstructorAccessorImpl.java:78)
	at java.base/jdk.internal.reflect.DelegatingConstructorAccessorImpl.newInstance(DelegatingConstructorAccessorImpl.java:45)
	at java.base/java.lang.reflect.Constructor.newInstanceWithCaller(Constructor.java:499)
	at java.base/java.lang.reflect.Constructor.newInstance(Constructor.java:480)
	at org.openqa.selenium.remote.W3CHandshakeResponse.lambda$new$0(W3CHandshakeResponse.java:57)
	at org.openqa.selenium.remote.W3CHandshakeResponse.lambda$getResponseFunction$2(W3CHandshakeResponse.java:104)
	at org.openqa.selenium.remote.ProtocolHandshake.lambda$createSession$22(ProtocolHandshake.java:365)
	at java.base/java.util.stream.ReferencePipeline$3$1.accept(ReferencePipeline.java:197)
	at java.base/java.util.Spliterators$ArraySpliterator.tryAdvance(Spliterators.java:958)
	at java.base/java.util.stream.ReferencePipeline.forEachWithCancel(ReferencePipeline.java:129)
	at java.base/java.util.stream.AbstractPipeline.copyIntoWithCancel(AbstractPipeline.java:502)
	at java.base/java.util.stream.AbstractPipeline.copyInto(AbstractPipeline.java:488)
	at java.base/java.util.stream.AbstractPipeline.wrapAndCopyInto(AbstractPipeline.java:474)
	at java.base/java.util.stream.FindOps$FindOp.evaluateSequential(FindOps.java:150)
	at java.base/java.util.stream.AbstractPipeline.evaluate(AbstractPipeline.java:234)
	at java.base/java.util.stream.ReferencePipeline.findFirst(ReferencePipeline.java:647)
	at org.openqa.selenium.remote.ProtocolHandshake.createSession(ProtocolHandshake.java:368)
	at org.openqa.selenium.remote.ProtocolHandshake.createSession(ProtocolHandshake.java:159)
	at org.openqa.selenium.remote.HttpCommandExecutor.execute(HttpCommandExecutor.java:142)
	at org.openqa.selenium.remote.service.DriverCommandExecutor.execute(DriverCommandExecutor.java:82)
	at org.openqa.selenium.remote.RemoteWebDriver.execute(RemoteWebDriver.java:637)
	at org.openqa.selenium.remote.RemoteWebDriver.startSession(RemoteWebDriver.java:250)
	at org.openqa.selenium.remote.RemoteWebDriver.startSession(RemoteWebDriver.java:236)
	at org.openqa.selenium.remote.RemoteWebDriver.<init>(RemoteWebDriver.java:137)
	at org.openqa.selenium.chrome.ChromeDriver.<init>(ChromeDriver.java:184)
	at org.openqa.selenium.chrome.ChromeDriver.<init>(ChromeDriver.java:171)
	at org.openqa.selenium.chrome.ChromeDriver.<init>(ChromeDriver.java:124)
	at com.mindtree.com.utilities.ReadConfig.initializeDriver(ReadConfig.java:31)
	at com.mindtree.com.stepdefinition.WishListStepDefinition.lands_on_home_page(WishListStepDefinition.java:28)
	at ✽.lands on home page(file:///E:/EndToEndFramework/BDDFramework/src/test/java/com/mindtree/com/features/TrackYourOrder.feature:3)
]]>
    </failure>
  </testcase> <!-- runScenario -->
  <testcase classname="com.mindtree.com.runner.Runner" name="runScenario" time="1.648">
    <failure type="org.openqa.selenium.SessionNotCreatedException" message="session not created: This version of ChromeDriver only supports Chrome version 94
Current browser version is 96.0.4664.45 with binary path C:\Program Files\Google\Chrome\Application\chrome.exe
Build info: version: &amp;apos;3.4.0&amp;apos;, revision: &amp;apos;unknown&amp;apos;, time: &amp;apos;unknown&amp;apos;
System info: host: &amp;apos;DESKTOP-GJ80SN7&amp;apos;, ip: &amp;apos;192.168.0.239&amp;apos;, os.name: &amp;apos;Windows 10&amp;apos;, os.arch: &amp;apos;amd64&amp;apos;, os.version: &amp;apos;10.0&amp;apos;, java.version: &amp;apos;16.0.2&amp;apos;
Driver info: driver.version: ChromeDriver
remote stacktrace: Backtrace:
	Ordinal0 [0x0108BDE3+2473443]
	Ordinal0 [0x01026661+2057825]
	Ordinal0 [0x00F32438+1057848]
	Ordinal0 [0x00F5054A+1181002]
	Ordinal0 [0x00F4C435+1164341]
	Ordinal0 [0x00F49CAF+1154223]
	Ordinal0 [0x00F79ADF+1350367]
	Ordinal0 [0x00F7974A+1349450]
	Ordinal0 [0x00F755AB+1332651]
	Ordinal0 [0x00F52104+1188100]
	Ordinal0 [0x00F52F59+1191769]
	GetHandleVerifier [0x01212266+1549718]
	GetHandleVerifier [0x012BD4A7+2250711]
	GetHandleVerifier [0x0111718B+521403]
	GetHandleVerifier [0x01116229+517465]
	Ordinal0 [0x0102B79D+2078621]
	Ordinal0 [0x0102FB58+2095960]
	Ordinal0 [0x0102FC92+2096274]
	Ordinal0 [0x01039541+2135361]
	BaseThreadInitThunk [0x76C9FA29+25]
	RtlGetAppContainerNamedObjectPath [0x770A7A9E+286]
	RtlGetAppContainerNamedObjectPath [0x770A7A6E+238]
">
      <![CDATA[org.openqa.selenium.SessionNotCreatedException: session not created: This version of ChromeDriver only supports Chrome version 94
Current browser version is 96.0.4664.45 with binary path C:\Program Files\Google\Chrome\Application\chrome.exe
Build info: version: '3.4.0', revision: 'unknown', time: 'unknown'
System info: host: 'DESKTOP-GJ80SN7', ip: '192.168.0.239', os.name: 'Windows 10', os.arch: 'amd64', os.version: '10.0', java.version: '16.0.2'
Driver info: driver.version: ChromeDriver
remote stacktrace: Backtrace:
	Ordinal0 [0x0108BDE3+2473443]
	Ordinal0 [0x01026661+2057825]
	Ordinal0 [0x00F32438+1057848]
	Ordinal0 [0x00F5054A+1181002]
	Ordinal0 [0x00F4C435+1164341]
	Ordinal0 [0x00F49CAF+1154223]
	Ordinal0 [0x00F79ADF+1350367]
	Ordinal0 [0x00F7974A+1349450]
	Ordinal0 [0x00F755AB+1332651]
	Ordinal0 [0x00F52104+1188100]
	Ordinal0 [0x00F52F59+1191769]
	GetHandleVerifier [0x01212266+1549718]
	GetHandleVerifier [0x012BD4A7+2250711]
	GetHandleVerifier [0x0111718B+521403]
	GetHandleVerifier [0x01116229+517465]
	Ordinal0 [0x0102B79D+2078621]
	Ordinal0 [0x0102FB58+2095960]
	Ordinal0 [0x0102FC92+2096274]
	Ordinal0 [0x01039541+2135361]
	BaseThreadInitThunk [0x76C9FA29+25]
	RtlGetAppContainerNamedObjectPath [0x770A7A9E+286]
	RtlGetAppContainerNamedObjectPath [0x770A7A6E+238]

	at java.base/jdk.internal.reflect.NativeConstructorAccessorImpl.newInstance0(Native Method)
	at java.base/jdk.internal.reflect.NativeConstructorAccessorImpl.newInstance(NativeConstructorAccessorImpl.java:78)
	at java.base/jdk.internal.reflect.DelegatingConstructorAccessorImpl.newInstance(DelegatingConstructorAccessorImpl.java:45)
	at java.base/java.lang.reflect.Constructor.newInstanceWithCaller(Constructor.java:499)
	at java.base/java.lang.reflect.Constructor.newInstance(Constructor.java:480)
	at org.openqa.selenium.remote.W3CHandshakeResponse.lambda$new$0(W3CHandshakeResponse.java:57)
	at org.openqa.selenium.remote.W3CHandshakeResponse.lambda$getResponseFunction$2(W3CHandshakeResponse.java:104)
	at org.openqa.selenium.remote.ProtocolHandshake.lambda$createSession$22(ProtocolHandshake.java:365)
	at java.base/java.util.stream.ReferencePipeline$3$1.accept(ReferencePipeline.java:197)
	at java.base/java.util.Spliterators$ArraySpliterator.tryAdvance(Spliterators.java:958)
	at java.base/java.util.stream.ReferencePipeline.forEachWithCancel(ReferencePipeline.java:129)
	at java.base/java.util.stream.AbstractPipeline.copyIntoWithCancel(AbstractPipeline.java:502)
	at java.base/java.util.stream.AbstractPipeline.copyInto(AbstractPipeline.java:488)
	at java.base/java.util.stream.AbstractPipeline.wrapAndCopyInto(AbstractPipeline.java:474)
	at java.base/java.util.stream.FindOps$FindOp.evaluateSequential(FindOps.java:150)
	at java.base/java.util.stream.AbstractPipeline.evaluate(AbstractPipeline.java:234)
	at java.base/java.util.stream.ReferencePipeline.findFirst(ReferencePipeline.java:647)
	at org.openqa.selenium.remote.ProtocolHandshake.createSession(ProtocolHandshake.java:368)
	at org.openqa.selenium.remote.ProtocolHandshake.createSession(ProtocolHandshake.java:159)
	at org.openqa.selenium.remote.HttpCommandExecutor.execute(HttpCommandExecutor.java:142)
	at org.openqa.selenium.remote.service.DriverCommandExecutor.execute(DriverCommandExecutor.java:82)
	at org.openqa.selenium.remote.RemoteWebDriver.execute(RemoteWebDriver.java:637)
	at org.openqa.selenium.remote.RemoteWebDriver.startSession(RemoteWebDriver.java:250)
	at org.openqa.selenium.remote.RemoteWebDriver.startSession(RemoteWebDriver.java:236)
	at org.openqa.selenium.remote.RemoteWebDriver.<init>(RemoteWebDriver.java:137)
	at org.openqa.selenium.chrome.ChromeDriver.<init>(ChromeDriver.java:184)
	at org.openqa.selenium.chrome.ChromeDriver.<init>(ChromeDriver.java:171)
	at org.openqa.selenium.chrome.ChromeDriver.<init>(ChromeDriver.java:124)
	at com.mindtree.com.utilities.ReadConfig.initializeDriver(ReadConfig.java:31)
	at com.mindtree.com.stepdefinition.WishListStepDefinition.lands_on_home_page(WishListStepDefinition.java:28)
	at ✽.lands on home page(file:///E:/EndToEndFramework/BDDFramework/src/test/java/com/mindtree/com/features/ValidateTitle.feature:3)
]]>
    </failure>
  </testcase> <!-- runScenario -->
  <testcase classname="com.mindtree.com.runner.Runner" name="runScenario" time="2.199">
    <failure type="org.openqa.selenium.SessionNotCreatedException" message="session not created: This version of ChromeDriver only supports Chrome version 94
Current browser version is 96.0.4664.45 with binary path C:\Program Files\Google\Chrome\Application\chrome.exe
Build info: version: &amp;apos;3.4.0&amp;apos;, revision: &amp;apos;unknown&amp;apos;, time: &amp;apos;unknown&amp;apos;
System info: host: &amp;apos;DESKTOP-GJ80SN7&amp;apos;, ip: &amp;apos;192.168.0.239&amp;apos;, os.name: &amp;apos;Windows 10&amp;apos;, os.arch: &amp;apos;amd64&amp;apos;, os.version: &amp;apos;10.0&amp;apos;, java.version: &amp;apos;16.0.2&amp;apos;
Driver info: driver.version: ChromeDriver
remote stacktrace: Backtrace:
	Ordinal0 [0x0108BDE3+2473443]
	Ordinal0 [0x01026661+2057825]
	Ordinal0 [0x00F32438+1057848]
	Ordinal0 [0x00F5054A+1181002]
	Ordinal0 [0x00F4C435+1164341]
	Ordinal0 [0x00F49CAF+1154223]
	Ordinal0 [0x00F79ADF+1350367]
	Ordinal0 [0x00F7974A+1349450]
	Ordinal0 [0x00F755AB+1332651]
	Ordinal0 [0x00F52104+1188100]
	Ordinal0 [0x00F52F59+1191769]
	GetHandleVerifier [0x01212266+1549718]
	GetHandleVerifier [0x012BD4A7+2250711]
	GetHandleVerifier [0x0111718B+521403]
	GetHandleVerifier [0x01116229+517465]
	Ordinal0 [0x0102B79D+2078621]
	Ordinal0 [0x0102FB58+2095960]
	Ordinal0 [0x0102FC92+2096274]
	Ordinal0 [0x01039541+2135361]
	BaseThreadInitThunk [0x76C9FA29+25]
	RtlGetAppContainerNamedObjectPath [0x770A7A9E+286]
	RtlGetAppContainerNamedObjectPath [0x770A7A6E+238]
">
      <![CDATA[org.openqa.selenium.SessionNotCreatedException: session not created: This version of ChromeDriver only supports Chrome version 94
Current browser version is 96.0.4664.45 with binary path C:\Program Files\Google\Chrome\Application\chrome.exe
Build info: version: '3.4.0', revision: 'unknown', time: 'unknown'
System info: host: 'DESKTOP-GJ80SN7', ip: '192.168.0.239', os.name: 'Windows 10', os.arch: 'amd64', os.version: '10.0', java.version: '16.0.2'
Driver info: driver.version: ChromeDriver
remote stacktrace: Backtrace:
	Ordinal0 [0x0108BDE3+2473443]
	Ordinal0 [0x01026661+2057825]
	Ordinal0 [0x00F32438+1057848]
	Ordinal0 [0x00F5054A+1181002]
	Ordinal0 [0x00F4C435+1164341]
	Ordinal0 [0x00F49CAF+1154223]
	Ordinal0 [0x00F79ADF+1350367]
	Ordinal0 [0x00F7974A+1349450]
	Ordinal0 [0x00F755AB+1332651]
	Ordinal0 [0x00F52104+1188100]
	Ordinal0 [0x00F52F59+1191769]
	GetHandleVerifier [0x01212266+1549718]
	GetHandleVerifier [0x012BD4A7+2250711]
	GetHandleVerifier [0x0111718B+521403]
	GetHandleVerifier [0x01116229+517465]
	Ordinal0 [0x0102B79D+2078621]
	Ordinal0 [0x0102FB58+2095960]
	Ordinal0 [0x0102FC92+2096274]
	Ordinal0 [0x01039541+2135361]
	BaseThreadInitThunk [0x76C9FA29+25]
	RtlGetAppContainerNamedObjectPath [0x770A7A9E+286]
	RtlGetAppContainerNamedObjectPath [0x770A7A6E+238]

	at java.base/jdk.internal.reflect.NativeConstructorAccessorImpl.newInstance0(Native Method)
	at java.base/jdk.internal.reflect.NativeConstructorAccessorImpl.newInstance(NativeConstructorAccessorImpl.java:78)
	at java.base/jdk.internal.reflect.DelegatingConstructorAccessorImpl.newInstance(DelegatingConstructorAccessorImpl.java:45)
	at java.base/java.lang.reflect.Constructor.newInstanceWithCaller(Constructor.java:499)
	at java.base/java.lang.reflect.Constructor.newInstance(Constructor.java:480)
	at org.openqa.selenium.remote.W3CHandshakeResponse.lambda$new$0(W3CHandshakeResponse.java:57)
	at org.openqa.selenium.remote.W3CHandshakeResponse.lambda$getResponseFunction$2(W3CHandshakeResponse.java:104)
	at org.openqa.selenium.remote.ProtocolHandshake.lambda$createSession$22(ProtocolHandshake.java:365)
	at java.base/java.util.stream.ReferencePipeline$3$1.accept(ReferencePipeline.java:197)
	at java.base/java.util.Spliterators$ArraySpliterator.tryAdvance(Spliterators.java:958)
	at java.base/java.util.stream.ReferencePipeline.forEachWithCancel(ReferencePipeline.java:129)
	at java.base/java.util.stream.AbstractPipeline.copyIntoWithCancel(AbstractPipeline.java:502)
	at java.base/java.util.stream.AbstractPipeline.copyInto(AbstractPipeline.java:488)
	at java.base/java.util.stream.AbstractPipeline.wrapAndCopyInto(AbstractPipeline.java:474)
	at java.base/java.util.stream.FindOps$FindOp.evaluateSequential(FindOps.java:150)
	at java.base/java.util.stream.AbstractPipeline.evaluate(AbstractPipeline.java:234)
	at java.base/java.util.stream.ReferencePipeline.findFirst(ReferencePipeline.java:647)
	at org.openqa.selenium.remote.ProtocolHandshake.createSession(ProtocolHandshake.java:368)
	at org.openqa.selenium.remote.ProtocolHandshake.createSession(ProtocolHandshake.java:159)
	at org.openqa.selenium.remote.HttpCommandExecutor.execute(HttpCommandExecutor.java:142)
	at org.openqa.selenium.remote.service.DriverCommandExecutor.execute(DriverCommandExecutor.java:82)
	at org.openqa.selenium.remote.RemoteWebDriver.execute(RemoteWebDriver.java:637)
	at org.openqa.selenium.remote.RemoteWebDriver.startSession(RemoteWebDriver.java:250)
	at org.openqa.selenium.remote.RemoteWebDriver.startSession(RemoteWebDriver.java:236)
	at org.openqa.selenium.remote.RemoteWebDriver.<init>(RemoteWebDriver.java:137)
	at org.openqa.selenium.chrome.ChromeDriver.<init>(ChromeDriver.java:184)
	at org.openqa.selenium.chrome.ChromeDriver.<init>(ChromeDriver.java:171)
	at org.openqa.selenium.chrome.ChromeDriver.<init>(ChromeDriver.java:124)
	at com.mindtree.com.utilities.ReadConfig.initializeDriver(ReadConfig.java:31)
	at com.mindtree.com.stepdefinition.WishListStepDefinition.lands_on_home_page(WishListStepDefinition.java:28)
	at ✽.lands on home page(file:///E:/EndToEndFramework/BDDFramework/src/test/java/com/mindtree/com/features/WishList.feature:3)
]]>
    </failure>
  </testcase> <!-- runScenario -->
</testsuite> <!-- Default test -->
