<?xml version="1.0" encoding="UTF-8"?>
<!-- Generated by org.testng.reporters.JUnitXMLReporter -->
<testsuite hostname="DESKTOP-GJ80SN7" failures="0" tests="10" name="Test" time="204.125" errors="0" timestamp="22 Nov 2021 11:39:12 GMT">
  <testcase classname="com.mindtree.com.runner.Runner" name="runScenario" time="24.87"/>
  <testcase classname="com.mindtree.com.runner.Runner" name="runScenario" time="15.76"/>
  <testcase classname="com.mindtree.com.runner.Runner" name="runScenario" time="15.983"/>
  <testcase classname="com.mindtree.com.runner.Runner" name="runScenario" time="21.654"/>
  <testcase classname="com.mindtree.com.runner.Runner" name="runScenario" time="18.546"/>
  <testcase classname="com.mindtree.com.runner.Runner" name="runScenario" time="16.494"/>
  <testcase classname="com.mindtree.com.runner.Runner" name="runScenario" time="15.336"/>
  <testcase classname="com.mindtree.com.runner.Runner" name="runScenario" time="12.814"/>
  <testcase classname="com.mindtree.com.runner.Runner" name="runScenario" time="18.27"/>
  <testcase classname="com.mindtree.com.runner.Runner" name="runScenario" time="20.603"/>
</testsuite> <!-- Test -->
