<?xml version="1.0" encoding="UTF-8"?>
<testng-results total="10" passed="10" failed="0" skipped="0">
  <reporter-output>
  </reporter-output>
  <suite started-at="2021-11-22T11:35:48Z" name="Suite" finished-at="2021-11-22T11:39:12Z" duration-ms="204125">
    <groups>
      <group name="cucumber">
        <method signature="AbstractTestNGCucumberTests.runScenario(io.cucumber.testng.PickleWrapper, io.cucumber.testng.FeatureWrapper)[pri:0, instance:com.mindtree.com.runner.Runner@24959ca4]" name="runScenario" class="io.cucumber.testng.AbstractTestNGCucumberTests"/>
      </group> <!-- cucumber -->
    </groups>
    <test started-at="2021-11-22T11:35:48Z" name="Test" finished-at="2021-11-22T11:39:12Z" duration-ms="204125">
      <class name="com.mindtree.com.runner.Runner">
        <test-method is-config="true" signature="setUpClass(org.testng.ITestContext)[pri:0, instance:com.mindtree.com.runner.Runner@24959ca4]" started-at="2021-11-22T17:05:48Z" name="setUpClass" finished-at="2021-11-22T17:05:48Z" duration-ms="524" status="PASS">
          <params>
            <param index="0">
              <value>
                <![CDATA[org.testng.TestRunner@7316523a]]>
              </value>
            </param>
          </params>
          <reporter-output>
          </reporter-output>
        </test-method> <!-- setUpClass -->
        <test-method signature="runScenario(io.cucumber.testng.PickleWrapper, io.cucumber.testng.FeatureWrapper)[pri:0, instance:com.mindtree.com.runner.Runner@24959ca4]" started-at="2021-11-22T17:05:48Z" name="runScenario" description="Runs Cucumber Scenarios" data-provider="scenarios" finished-at="2021-11-22T17:06:13Z" duration-ms="24870" status="PASS">
          <params>
            <param index="0">
              <value>
                <![CDATA["Checking on adding 3 items to cart"]]>
              </value>
            </param>
            <param index="1">
              <value>
                <![CDATA["Optional[Working on adding 3 items to cart]"]]>
              </value>
            </param>
          </params>
          <reporter-output>
          </reporter-output>
        </test-method> <!-- runScenario -->
        <test-method signature="runScenario(io.cucumber.testng.PickleWrapper, io.cucumber.testng.FeatureWrapper)[pri:0, instance:com.mindtree.com.runner.Runner@24959ca4]" started-at="2021-11-22T17:06:18Z" name="runScenario" description="Runs Cucumber Scenarios" data-provider="scenarios" finished-at="2021-11-22T17:06:34Z" duration-ms="15760" status="PASS">
          <params>
            <param index="0">
              <value>
                <![CDATA["Checking on adding product to cart"]]>
              </value>
            </param>
            <param index="1">
              <value>
                <![CDATA["Optional[Working on adding product to cart]"]]>
              </value>
            </param>
          </params>
          <reporter-output>
          </reporter-output>
        </test-method> <!-- runScenario -->
        <test-method signature="runScenario(io.cucumber.testng.PickleWrapper, io.cucumber.testng.FeatureWrapper)[pri:0, instance:com.mindtree.com.runner.Runner@24959ca4]" started-at="2021-11-22T17:06:34Z" name="runScenario" description="Runs Cucumber Scenarios" data-provider="scenarios" finished-at="2021-11-22T17:06:50Z" duration-ms="15983" status="PASS">
          <params>
            <param index="0">
              <value>
                <![CDATA["Checking for estimated delivery"]]>
              </value>
            </param>
            <param index="1">
              <value>
                <![CDATA["Optional[Working on Estimated Delivery]"]]>
              </value>
            </param>
          </params>
          <reporter-output>
          </reporter-output>
        </test-method> <!-- runScenario -->
        <test-method signature="runScenario(io.cucumber.testng.PickleWrapper, io.cucumber.testng.FeatureWrapper)[pri:0, instance:com.mindtree.com.runner.Runner@24959ca4]" started-at="2021-11-22T17:06:54Z" name="runScenario" description="Runs Cucumber Scenarios" data-provider="scenarios" finished-at="2021-11-22T17:07:16Z" duration-ms="21654" status="PASS">
          <params>
            <param index="0">
              <value>
                <![CDATA["Checking adding giftcard functionality"]]>
              </value>
            </param>
            <param index="1">
              <value>
                <![CDATA["Optional[Working on adding giftcard]"]]>
              </value>
            </param>
          </params>
          <reporter-output>
          </reporter-output>
        </test-method> <!-- runScenario -->
        <test-method signature="runScenario(io.cucumber.testng.PickleWrapper, io.cucumber.testng.FeatureWrapper)[pri:0, instance:com.mindtree.com.runner.Runner@24959ca4]" started-at="2021-11-22T17:07:16Z" name="runScenario" description="Runs Cucumber Scenarios" data-provider="scenarios" finished-at="2021-11-22T17:07:35Z" duration-ms="18546" status="PASS">
          <params>
            <param index="0">
              <value>
                <![CDATA["Checking Hover Dropdown"]]>
              </value>
            </param>
            <param index="1">
              <value>
                <![CDATA["Optional[Working on Hover Dropdown]"]]>
              </value>
            </param>
          </params>
          <reporter-output>
          </reporter-output>
        </test-method> <!-- runScenario -->
        <test-method signature="runScenario(io.cucumber.testng.PickleWrapper, io.cucumber.testng.FeatureWrapper)[pri:0, instance:com.mindtree.com.runner.Runner@24959ca4]" started-at="2021-11-22T17:07:35Z" name="runScenario" description="Runs Cucumber Scenarios" data-provider="scenarios" finished-at="2021-11-22T17:07:52Z" duration-ms="16494" status="PASS">
          <params>
            <param index="0">
              <value>
                <![CDATA["Checking increase quantity functionality"]]>
              </value>
            </param>
            <param index="1">
              <value>
                <![CDATA["Optional[Working on increase quantity functionality]"]]>
              </value>
            </param>
          </params>
          <reporter-output>
          </reporter-output>
        </test-method> <!-- runScenario -->
        <test-method signature="runScenario(io.cucumber.testng.PickleWrapper, io.cucumber.testng.FeatureWrapper)[pri:0, instance:com.mindtree.com.runner.Runner@24959ca4]" started-at="2021-11-22T17:07:56Z" name="runScenario" description="Runs Cucumber Scenarios" data-provider="scenarios" finished-at="2021-11-22T17:08:11Z" duration-ms="15336" status="PASS">
          <params>
            <param index="0">
              <value>
                <![CDATA["Clicking on Lord Shiva Adiyogi Figurine"]]>
              </value>
            </param>
            <param index="1">
              <value>
                <![CDATA["Optional[Open Adiyogi]"]]>
              </value>
            </param>
          </params>
          <reporter-output>
          </reporter-output>
        </test-method> <!-- runScenario -->
        <test-method signature="runScenario(io.cucumber.testng.PickleWrapper, io.cucumber.testng.FeatureWrapper)[pri:0, instance:com.mindtree.com.runner.Runner@24959ca4]" started-at="2021-11-22T17:08:15Z" name="runScenario" description="Runs Cucumber Scenarios" data-provider="scenarios" finished-at="2021-11-22T17:08:28Z" duration-ms="12814" status="PASS">
          <params>
            <param index="0">
              <value>
                <![CDATA["Checking track your order functionality"]]>
              </value>
            </param>
            <param index="1">
              <value>
                <![CDATA["Optional[Working on track order]"]]>
              </value>
            </param>
          </params>
          <reporter-output>
          </reporter-output>
        </test-method> <!-- runScenario -->
        <test-method signature="runScenario(io.cucumber.testng.PickleWrapper, io.cucumber.testng.FeatureWrapper)[pri:0, instance:com.mindtree.com.runner.Runner@24959ca4]" started-at="2021-11-22T17:08:28Z" name="runScenario" description="Runs Cucumber Scenarios" data-provider="scenarios" finished-at="2021-11-22T17:08:47Z" duration-ms="18270" status="PASS">
          <params>
            <param index="0">
              <value>
                <![CDATA["Checking on validating title"]]>
              </value>
            </param>
            <param index="1">
              <value>
                <![CDATA["Optional[Working on validating title]"]]>
              </value>
            </param>
          </params>
          <reporter-output>
          </reporter-output>
        </test-method> <!-- runScenario -->
        <test-method signature="runScenario(io.cucumber.testng.PickleWrapper, io.cucumber.testng.FeatureWrapper)[pri:0, instance:com.mindtree.com.runner.Runner@24959ca4]" started-at="2021-11-22T17:08:51Z" name="runScenario" description="Runs Cucumber Scenarios" data-provider="scenarios" finished-at="2021-11-22T17:09:11Z" duration-ms="20603" status="PASS">
          <params>
            <param index="0">
              <value>
                <![CDATA["Checking on adding product to wishlist"]]>
              </value>
            </param>
            <param index="1">
              <value>
                <![CDATA["Optional[Working on adding to wishlist]"]]>
              </value>
            </param>
          </params>
          <reporter-output>
          </reporter-output>
        </test-method> <!-- runScenario -->
        <test-method is-config="true" signature="tearDownClass()[pri:0, instance:com.mindtree.com.runner.Runner@24959ca4]" started-at="2021-11-22T17:09:12Z" name="tearDownClass" finished-at="2021-11-22T17:09:12Z" duration-ms="6" status="PASS">
          <reporter-output>
          </reporter-output>
        </test-method> <!-- tearDownClass -->
      </class> <!-- com.mindtree.com.runner.Runner -->
    </test> <!-- Test -->
  </suite> <!-- Suite -->
</testng-results>
