<?xml version="1.0" encoding="UTF-8"?>
<testsuite xmlns:xsi="http://www.w3.org/2001/XMLSchema-instance" xsi:noNamespaceSchemaLocation="https://maven.apache.org/surefire/maven-surefire-plugin/xsd/surefire-test-report-3.0.xsd" version="3.0" name="TestSuite" time="207.471" tests="10" errors="0" skipped="0" failures="0">
  <properties>
[...]
</properties>
  <testcase name="runScenario[&quot;Checking on adding 3 items to cart&quot;, &quot;Optional[Working on adding 3 items to cart]&quot;](1)" classname="com.mindtree.com.runner.Runner" time="24.909">
    <system-out><![CDATA[2021.11.22.17.05.48-----------
Test-Report2021.11.22.17.05.48.html
[INFO ] 2021-11-22 17:05:55.266 [main] ReadConfig - Driver is initialized
[INFO ] 2021-11-22 17:06:02.510 [main] ReadConfig - Website is initialized
[INFO ] 2021-11-22 17:06:05.722 [main] ReadConfig - Search page is opened
[INFO ] 2021-11-22 17:06:09.126 [main] ReadConfig - Product description page is opened
[INFO ] 2021-11-22 17:06:09.867 [main] ReadConfig - Product is added to the cart
[INFO ] 2021-11-22 17:06:11.295 [main] ReadConfig - Shopping can be continued
[INFO ] 2021-11-22 17:06:11.601 [main] ReadConfig - Another product can be selected
[INFO ] 2021-11-22 17:06:11.713 [main] ReadConfig - Product is added to the cart
[INFO ] 2021-11-22 17:06:13.300 [main] ReadConfig - Shopping can be continued
[INFO ] 2021-11-22 17:06:13.585 [main] ReadConfig - Another product can be selected
[INFO ] 2021-11-22 17:06:13.691 [main] ReadConfig - Product is added to the cart
]]></system-out>
    <system-err><![CDATA[Starting ChromeDriver 96.0.4664.45 (76e4c1bb2ab4671b8beba3444e61c0f17584b2fc-refs/branch-heads/4664@{#947}) on port 26468
Only local connections are allowed.
Please see https://chromedriver.chromium.org/security-considerations for suggestions on keeping ChromeDriver safe.
ChromeDriver was started successfully.
Nov 22, 2021 5:05:54 PM org.openqa.selenium.remote.ProtocolHandshake createSession
INFO: Detected dialect: W3C
]]></system-err>
  </testcase>
  <testcase name="runScenario[&quot;Checking on adding product to cart&quot;, &quot;Optional[Working on adding product to cart]&quot;](2)" classname="com.mindtree.com.runner.Runner" time="15.791">
    <system-out><![CDATA[2021.11.22.17.06.18-----------
Test-Report2021.11.22.17.06.18.html
[INFO ] 2021-11-22 17:06:20.184 [main] ReadConfig - Driver is initialized
[INFO ] 2021-11-22 17:06:26.282 [main] ReadConfig - Website is initialized
[INFO ] 2021-11-22 17:06:29.495 [main] ReadConfig - Search page is opened
[INFO ] 2021-11-22 17:06:33.587 [main] ReadConfig - Required item is selected
[INFO ] 2021-11-22 17:06:34.004 [main] ReadConfig - Product is added to the cart
]]></system-out>
    <system-err><![CDATA[Starting ChromeDriver 96.0.4664.45 (76e4c1bb2ab4671b8beba3444e61c0f17584b2fc-refs/branch-heads/4664@{#947}) on port 10615
Only local connections are allowed.
Please see https://chromedriver.chromium.org/security-considerations for suggestions on keeping ChromeDriver safe.
ChromeDriver was started successfully.
Nov 22, 2021 5:06:20 PM org.openqa.selenium.remote.ProtocolHandshake createSession
INFO: Detected dialect: W3C
]]></system-err>
  </testcase>
  <testcase name="runScenario[&quot;Checking for estimated delivery&quot;, &quot;Optional[Working on Estimated Delivery]&quot;](3)" classname="com.mindtree.com.runner.Runner" time="16.001">
    <system-out><![CDATA[2021.11.22.17.06.34-----------
Test-Report2021.11.22.17.06.34.html
[INFO ] 2021-11-22 17:06:36.249 [main] ReadConfig - Driver is initialized
[INFO ] 2021-11-22 17:06:43.243 [main] ReadConfig - Website is initialized
[INFO ] 2021-11-22 17:06:46.565 [main] ReadConfig - Search page is selected
[INFO ] 2021-11-22 17:06:49.568 [main] ReadConfig - Product description page is opened and item is selected
[INFO ] 2021-11-22 17:06:50.443 [main] ReadConfig - pincode is entered successfully
[INFO ] 2021-11-22 17:06:50.556 [main] ReadConfig - Check button is clicked and delivery date is displayed
]]></system-out>
    <system-err><![CDATA[Starting ChromeDriver 96.0.4664.45 (76e4c1bb2ab4671b8beba3444e61c0f17584b2fc-refs/branch-heads/4664@{#947}) on port 6999
Only local connections are allowed.
Please see https://chromedriver.chromium.org/security-considerations for suggestions on keeping ChromeDriver safe.
ChromeDriver was started successfully.
Nov 22, 2021 5:06:36 PM org.openqa.selenium.remote.ProtocolHandshake createSession
INFO: Detected dialect: W3C
]]></system-err>
  </testcase>
  <testcase name="runScenario[&quot;Checking adding giftcard functionality&quot;, &quot;Optional[Working on adding giftcard]&quot;](4)" classname="com.mindtree.com.runner.Runner" time="21.665">
    <system-out><![CDATA[2021.11.22.17.06.54-----------
Test-Report2021.11.22.17.06.54.html
[INFO ] 2021-11-22 17:06:56.674 [main] ReadConfig - Driver is initialized
[INFO ] 2021-11-22 17:07:02.922 [main] ReadConfig - Website is initialized
[INFO ] 2021-11-22 17:07:06.169 [main] ReadConfig - Search page is opened
[INFO ] 2021-11-22 17:07:10.380 [main] ReadConfig - Required item is selected
[INFO ] 2021-11-22 17:07:10.755 [main] ReadConfig - Product is added to the cart
[INFO ] 2021-11-22 17:07:15.892 [main] ReadConfig - Gift card is selected successfully
[INFO ] 2021-11-22 17:07:16.045 [main] ReadConfig - Name of sender is entered
[INFO ] 2021-11-22 17:07:16.208 [main] ReadConfig - Name of receiver is entered
[INFO ] 2021-11-22 17:07:16.438 [main] ReadConfig - message is entered successfully
]]></system-out>
    <system-err><![CDATA[Starting ChromeDriver 96.0.4664.45 (76e4c1bb2ab4671b8beba3444e61c0f17584b2fc-refs/branch-heads/4664@{#947}) on port 39793
Only local connections are allowed.
Please see https://chromedriver.chromium.org/security-considerations for suggestions on keeping ChromeDriver safe.
ChromeDriver was started successfully.
Nov 22, 2021 5:06:56 PM org.openqa.selenium.remote.ProtocolHandshake createSession
INFO: Detected dialect: W3C
]]></system-err>
  </testcase>
  <testcase name="runScenario[&quot;Checking Hover Dropdown&quot;, &quot;Optional[Working on Hover Dropdown]&quot;](5)" classname="com.mindtree.com.runner.Runner" time="18.554">
    <system-out><![CDATA[2021.11.22.17.07.16-----------
Test-Report2021.11.22.17.07.16.html
[INFO ] 2021-11-22 17:07:18.380 [main] ReadConfig - Driver is initialized
[INFO ] 2021-11-22 17:07:25.222 [main] ReadConfig - Website is initialized
[INFO ] 2021-11-22 17:07:28.869 [main] ReadConfig - birthday gifts is selected from dropdown
[INFO ] 2021-11-22 17:07:32.032 [main] ReadConfig - gifts for kids is selected from birthday gifts
[INFO ] 2021-11-22 17:07:35.237 [main] ReadConfig - Gift description page is displayed
]]></system-out>
    <system-err><![CDATA[Starting ChromeDriver 96.0.4664.45 (76e4c1bb2ab4671b8beba3444e61c0f17584b2fc-refs/branch-heads/4664@{#947}) on port 31678
Only local connections are allowed.
Please see https://chromedriver.chromium.org/security-considerations for suggestions on keeping ChromeDriver safe.
ChromeDriver was started successfully.
Nov 22, 2021 5:07:18 PM org.openqa.selenium.remote.ProtocolHandshake createSession
INFO: Detected dialect: W3C
]]></system-err>
  </testcase>
  <testcase name="runScenario[&quot;Checking increase quantity functionality&quot;, &quot;Optional[Working on increase quantity functionality]&quot;](6)" classname="com.mindtree.com.runner.Runner" time="16.511">
    <system-out><![CDATA[2021.11.22.17.07.35-----------
Test-Report2021.11.22.17.07.35.html
[INFO ] 2021-11-22 17:07:37.383 [main] ReadConfig - Driver is initialized
[INFO ] 2021-11-22 17:07:44.385 [main] ReadConfig - Website is initialized
[INFO ] 2021-11-22 17:07:48.462 [main] ReadConfig - minion lover is selected from dropdown
[INFO ] 2021-11-22 17:07:51.512 [main] ReadConfig - Product is selected
[INFO ] 2021-11-22 17:07:52.063 [main] ReadConfig - Quantity is increased and added to cart
]]></system-out>
    <system-err><![CDATA[Starting ChromeDriver 96.0.4664.45 (76e4c1bb2ab4671b8beba3444e61c0f17584b2fc-refs/branch-heads/4664@{#947}) on port 10477
Only local connections are allowed.
Please see https://chromedriver.chromium.org/security-considerations for suggestions on keeping ChromeDriver safe.
ChromeDriver was started successfully.
Nov 22, 2021 5:07:37 PM org.openqa.selenium.remote.ProtocolHandshake createSession
INFO: Detected dialect: W3C
]]></system-err>
  </testcase>
  <testcase name="runScenario[&quot;Clicking on Lord Shiva Adiyogi Figurine&quot;, &quot;Optional[Open Adiyogi]&quot;](7)" classname="com.mindtree.com.runner.Runner" time="15.345">
    <system-out><![CDATA[2021.11.22.17.07.56-----------
Test-Report2021.11.22.17.07.56.html
[INFO ] 2021-11-22 17:07:58.367 [main] ReadConfig - Driver is initialized
[INFO ] 2021-11-22 17:08:05.549 [main] ReadConfig - Website is initialized
[INFO ] 2021-11-22 17:08:08.674 [main] ReadConfig - Adiyogi is searched
[INFO ] 2021-11-22 17:08:11.633 [main] ReadConfig - product description page is opened
]]></system-out>
    <system-err><![CDATA[Starting ChromeDriver 96.0.4664.45 (76e4c1bb2ab4671b8beba3444e61c0f17584b2fc-refs/branch-heads/4664@{#947}) on port 20346
Only local connections are allowed.
Please see https://chromedriver.chromium.org/security-considerations for suggestions on keeping ChromeDriver safe.
ChromeDriver was started successfully.
Nov 22, 2021 5:07:58 PM org.openqa.selenium.remote.ProtocolHandshake createSession
INFO: Detected dialect: W3C
]]></system-err>
  </testcase>
  <testcase name="runScenario[&quot;Checking track your order functionality&quot;, &quot;Optional[Working on track order]&quot;](8)" classname="com.mindtree.com.runner.Runner" time="12.824">
    <system-out><![CDATA[2021.11.22.17.08.15-----------
Test-Report2021.11.22.17.08.15.html
[INFO ] 2021-11-22 17:08:17.805 [main] ReadConfig - Driver is initialized
[INFO ] 2021-11-22 17:08:24.626 [main] ReadConfig - Website is initialized
[INFO ] 2021-11-22 17:08:27.754 [main] ReadConfig - Track order page is invoked
[INFO ] 2021-11-22 17:08:28.373 [main] ReadConfig - email is entered
[INFO ] 2021-11-22 17:08:28.537 [main] ReadConfig - order number is entered
[INFO ] 2021-11-22 17:08:28.671 [main] ReadConfig - status of the order is displayed
]]></system-out>
    <system-err><![CDATA[Starting ChromeDriver 96.0.4664.45 (76e4c1bb2ab4671b8beba3444e61c0f17584b2fc-refs/branch-heads/4664@{#947}) on port 18837
Only local connections are allowed.
Please see https://chromedriver.chromium.org/security-considerations for suggestions on keeping ChromeDriver safe.
ChromeDriver was started successfully.
Nov 22, 2021 5:08:17 PM org.openqa.selenium.remote.ProtocolHandshake createSession
INFO: Detected dialect: W3C
]]></system-err>
  </testcase>
  <testcase name="runScenario[&quot;Checking on validating title&quot;, &quot;Optional[Working on validating title]&quot;](9)" classname="com.mindtree.com.runner.Runner" time="18.263">
    <system-out><![CDATA[2021.11.22.17.08.28-----------
Test-Report2021.11.22.17.08.28.html
[INFO ] 2021-11-22 17:08:31.560 [main] ReadConfig - Driver is initialized
[INFO ] 2021-11-22 17:08:37.537 [main] ReadConfig - Website is initialized
[INFO ] 2021-11-22 17:08:41.283 [main] ReadConfig - birthday gifts is selected from dropdown
[INFO ] 2021-11-22 17:08:45.117 [main] ReadConfig - gifts for kids is selected from birthday gifts
[INFO ] 2021-11-22 17:08:46.592 [main] ReadConfig - Got the title
[INFO ] 2021-11-22 17:08:47.105 [main] ReadConfig - Title validation done
Equal
]]></system-out>
    <system-err><![CDATA[Starting ChromeDriver 96.0.4664.45 (76e4c1bb2ab4671b8beba3444e61c0f17584b2fc-refs/branch-heads/4664@{#947}) on port 36213
Only local connections are allowed.
Please see https://chromedriver.chromium.org/security-considerations for suggestions on keeping ChromeDriver safe.
ChromeDriver was started successfully.
Nov 22, 2021 5:08:31 PM org.openqa.selenium.remote.ProtocolHandshake createSession
INFO: Detected dialect: W3C
]]></system-err>
  </testcase>
  <testcase name="runScenario[&quot;Checking on adding product to wishlist&quot;, &quot;Optional[Working on adding to wishlist]&quot;](10)" classname="com.mindtree.com.runner.Runner" time="20.609">
    <system-out><![CDATA[2021.11.22.17.08.51-----------
Test-Report2021.11.22.17.08.51.html
[INFO ] 2021-11-22 17:08:56.039 [main] ReadConfig - Driver is initialized
[INFO ] 2021-11-22 17:09:02.643 [main] ReadConfig - Website is initialized
[INFO ] 2021-11-22 17:09:05.944 [main] ReadConfig - Search page is opened
[INFO ] 2021-11-22 17:09:11.294 [main] ReadConfig - Required item is selected
[INFO ] 2021-11-22 17:09:11.960 [main] ReadConfig - Product is added to wishlist
]]></system-out>
    <system-err><![CDATA[Starting ChromeDriver 96.0.4664.45 (76e4c1bb2ab4671b8beba3444e61c0f17584b2fc-refs/branch-heads/4664@{#947}) on port 43949
Only local connections are allowed.
Please see https://chromedriver.chromium.org/security-considerations for suggestions on keeping ChromeDriver safe.
ChromeDriver was started successfully.
Nov 22, 2021 5:08:55 PM org.openqa.selenium.remote.ProtocolHandshake createSession
INFO: Detected dialect: W3C
]]></system-err>
  </testcase>
</testsuite>